Connecting to database specified by database.yml
  [1m[36m (187.1ms)[0m  [1mCREATE TABLE `schema_migrations` (`version` varchar(255) NOT NULL) ENGINE=InnoDB[0m
  [1m[35m (421.0ms)[0m  CREATE UNIQUE INDEX `unique_schema_migrations` ON `schema_migrations` (`version`)
  [1m[36m (0.4ms)[0m  [1mSELECT `schema_migrations`.`version` FROM `schema_migrations` [0m
Connecting to database specified by database.yml
Connecting to database specified by database.yml
Connecting to database specified by database.yml
  [1m[36m (89.1ms)[0m  [1mCREATE TABLE `schema_migrations` (`version` varchar(255) NOT NULL) ENGINE=InnoDB[0m
  [1m[35m (168.3ms)[0m  CREATE UNIQUE INDEX `unique_schema_migrations` ON `schema_migrations` (`version`)
  [1m[36m (0.2ms)[0m  [1mSELECT `schema_migrations`.`version` FROM `schema_migrations` [0m
Migrating to CreateMuseums (20130701111940)
  [1m[35m (75.2ms)[0m  CREATE TABLE `museums` (`id` int(11) DEFAULT NULL auto_increment PRIMARY KEY, `name` varchar(255), `lat` float, `long` float, `manager_id` int(11) DEFAULT 0, `published` int(11) DEFAULT 0, `description` text, `created_at` datetime NOT NULL, `updated_at` datetime NOT NULL) ENGINE=InnoDB
  [1m[36m (37.2ms)[0m  [1mINSERT INTO `schema_migrations` (`version`) VALUES ('20130701111940')[0m
Migrating to CreateProfiles (20130702132952)
  [1m[35m (82.6ms)[0m  CREATE TABLE `profiles` (`id` int(11) DEFAULT NULL auto_increment PRIMARY KEY, `user_id` int(11), `name` varchar(255), `role` varchar(255), `coins` int(11), `created_at` datetime NOT NULL, `updated_at` datetime NOT NULL) ENGINE=InnoDB
  [1m[36m (24.4ms)[0m  [1mINSERT INTO `schema_migrations` (`version`) VALUES ('20130702132952')[0m
Migrating to CreateExhibits (20130703080132)
  [1m[35m (65.8ms)[0m  CREATE TABLE `exhibits` (`id` int(11) DEFAULT NULL auto_increment PRIMARY KEY, `title` varchar(255), `description` text, `audio` varchar(255), `video` varchar(255), `floor` int(11), `lat` float, `long` float, `qr_code` varchar(255), `museum_id` int(11), `private` int(11) DEFAULT 1, `created_at` datetime NOT NULL, `updated_at` datetime NOT NULL) ENGINE=InnoDB
  [1m[36m (24.4ms)[0m  [1mINSERT INTO `schema_migrations` (`version`) VALUES ('20130703080132')[0m
Migrating to CreateRatings (20130703083411)
  [1m[35m (74.2ms)[0m  CREATE TABLE `ratings` (`id` int(11) DEFAULT NULL auto_increment PRIMARY KEY, `score` int(11), `user_id` int(11), `exhibit_id` int(11), `created_at` datetime NOT NULL, `updated_at` datetime NOT NULL) ENGINE=InnoDB
  [1m[36m (24.5ms)[0m  [1mINSERT INTO `schema_migrations` (`version`) VALUES ('20130703083411')[0m
Migrating to CreateComments (20130703090944)
  [1m[35m (83.9ms)[0m  CREATE TABLE `comments` (`id` int(11) DEFAULT NULL auto_increment PRIMARY KEY, `content` text, `user_id` int(11), `exhibit_id` int(11), `created_at` datetime NOT NULL, `updated_at` datetime NOT NULL) ENGINE=InnoDB
  [1m[36m (24.5ms)[0m  [1mINSERT INTO `schema_migrations` (`version`) VALUES ('20130703090944')[0m
Migrating to DeviseCreateUsers (20130703094119)
  [1m[35m (82.1ms)[0m  CREATE TABLE `users` (`id` int(11) DEFAULT NULL auto_increment PRIMARY KEY, `email` varchar(255) DEFAULT '' NOT NULL, `encrypted_password` varchar(255) DEFAULT '' NOT NULL, `reset_password_token` varchar(255), `reset_password_sent_at` datetime, `remember_created_at` datetime, `sign_in_count` int(11) DEFAULT 0, `current_sign_in_at` datetime, `last_sign_in_at` datetime, `current_sign_in_ip` varchar(255), `last_sign_in_ip` varchar(255), `profile_id` int(11), `created_at` datetime NOT NULL, `updated_at` datetime NOT NULL) ENGINE=InnoDB
  [1m[36m (133.8ms)[0m  [1mCREATE UNIQUE INDEX `index_users_on_email` ON `users` (`email`)[0m
  [1m[35m (150.3ms)[0m  CREATE UNIQUE INDEX `index_users_on_reset_password_token` ON `users` (`reset_password_token`)
  [1m[36m (26.1ms)[0m  [1mINSERT INTO `schema_migrations` (`version`) VALUES ('20130703094119')[0m
Migrating to CreateAchievements (20130703103131)
  [1m[35m (79.7ms)[0m  CREATE TABLE `achievements` (`id` int(11) DEFAULT NULL auto_increment PRIMARY KEY, `title` varchar(255), `description` varchar(255), `created_at` datetime NOT NULL, `updated_at` datetime NOT NULL) ENGINE=InnoDB
  [1m[36m (24.4ms)[0m  [1mINSERT INTO `schema_migrations` (`version`) VALUES ('20130703103131')[0m
Migrating to AchievementsProfiles (20130708065028)
  [1m[35m (65.7ms)[0m  CREATE TABLE `achievements_profiles` (`id` int(11) DEFAULT NULL auto_increment PRIMARY KEY, `achievement_id` int(11), `profile_id` int(11), `created_at` datetime NOT NULL, `updated_at` datetime NOT NULL) ENGINE=InnoDB
  [1m[36m (24.4ms)[0m  [1mINSERT INTO `schema_migrations` (`version`) VALUES ('20130708065028')[0m
Migrating to CreateScans (20130708083643)
  [1m[35m (90.8ms)[0m  CREATE TABLE `scans` (`id` int(11) DEFAULT NULL auto_increment PRIMARY KEY, `profile_id` int(11), `exhibit_id` int(11), `created_at` datetime NOT NULL, `updated_at` datetime NOT NULL) ENGINE=InnoDB
  [1m[36m (32.7ms)[0m  [1mINSERT INTO `schema_migrations` (`version`) VALUES ('20130708083643')[0m
Migrating to AddImageToMuseums (20130711124327)
  [1m[35m (160.6ms)[0m  ALTER TABLE `museums` ADD `image` varchar(255)
  [1m[36m (24.4ms)[0m  [1mINSERT INTO `schema_migrations` (`version`) VALUES ('20130711124327')[0m
Migrating to AddImageToExhibits (20130711125405)
  [1m[35m (142.5ms)[0m  ALTER TABLE `exhibits` ADD `image` varchar(255)
  [1m[36m (32.7ms)[0m  [1mINSERT INTO `schema_migrations` (`version`) VALUES ('20130711125405')[0m
Migrating to AddImageToProfiles (20130711131423)
  [1m[35m (159.3ms)[0m  ALTER TABLE `profiles` ADD `image` varchar(255)
  [1m[36m (24.3ms)[0m  [1mINSERT INTO `schema_migrations` (`version`) VALUES ('20130711131423')[0m
Migrating to AddImageToAchievements (20130711132309)
  [1m[35m (160.4ms)[0m  ALTER TABLE `achievements` ADD `image` varchar(255)
  [1m[36m (24.4ms)[0m  [1mINSERT INTO `schema_migrations` (`version`) VALUES ('20130711132309')[0m
  [1m[35m (0.3ms)[0m  SELECT `schema_migrations`.`version` FROM `schema_migrations` 
Connecting to database specified by database.yml
  [1m[36m (0.1ms)[0m  [1mSELECT `schema_migrations`.`version` FROM `schema_migrations` [0m
  [1m[35m (0.1ms)[0m  BEGIN
  [1m[36mSQL (0.3ms)[0m  [1mINSERT INTO `achievements` (`created_at`, `description`, `image`, `title`, `updated_at`) VALUES ('2013-07-17 10:01:30', 'Congratulations for your first Scan !', NULL, 'First Scan', '2013-07-17 10:01:30')[0m
  [1m[35m (31.4ms)[0m  COMMIT
  [1m[36m (0.1ms)[0m  [1mBEGIN[0m
  [1m[35mSQL (0.2ms)[0m  INSERT INTO `achievements` (`created_at`, `description`, `image`, `title`, `updated_at`) VALUES ('2013-07-17 10:01:30', 'Congratulations for your 100th Scan !', NULL, '100 Scans', '2013-07-17 10:01:30')
  [1m[36m (21.4ms)[0m  [1mCOMMIT[0m
  [1m[35m (0.1ms)[0m  BEGIN
  [1m[36mSQL (0.2ms)[0m  [1mINSERT INTO `achievements` (`created_at`, `description`, `image`, `title`, `updated_at`) VALUES ('2013-07-17 10:01:30', 'Congratulations for visiting an entire Museum !', NULL, 'Full Museum', '2013-07-17 10:01:30')[0m
  [1m[35m (33.4ms)[0m  COMMIT
  [1m[36m (0.1ms)[0m  [1mBEGIN[0m
  [1m[35mSQL (0.2ms)[0m  INSERT INTO `achievements` (`created_at`, `description`, `image`, `title`, `updated_at`) VALUES ('2013-07-17 10:01:30', 'Congratulations for optaining 1000 coins !', NULL, 'Rich', '2013-07-17 10:01:30')
  [1m[36m (45.0ms)[0m  [1mCOMMIT[0m
  [1m[35m (0.1ms)[0m  BEGIN
  [1m[36mUser Exists (0.4ms)[0m  [1mSELECT 1 AS one FROM `users` WHERE `users`.`email` = BINARY 'admin@audioguide.com' LIMIT 1[0m
  [1m[35mSQL (0.3ms)[0m  INSERT INTO `users` (`created_at`, `current_sign_in_at`, `current_sign_in_ip`, `email`, `encrypted_password`, `last_sign_in_at`, `last_sign_in_ip`, `profile_id`, `remember_created_at`, `reset_password_sent_at`, `reset_password_token`, `sign_in_count`, `updated_at`) VALUES ('2013-07-17 10:01:30', NULL, NULL, 'admin@audioguide.com', '$2a$10$Xc2.IVmtB8be4MIOiFVDh.C4rVeihXYy9Dvs6Td1liHICnrymR/Rq', NULL, NULL, NULL, NULL, NULL, NULL, 0, '2013-07-17 10:01:30')
  [1m[36mSQL (0.3ms)[0m  [1mINSERT INTO `profiles` (`coins`, `created_at`, `image`, `name`, `role`, `updated_at`, `user_id`) VALUES (NULL, '2013-07-17 10:01:31', NULL, 'Guest', 'user', '2013-07-17 10:01:31', NULL)[0m
  [1m[35mProfile Load (0.4ms)[0m  SELECT `profiles`.* FROM `profiles` WHERE `profiles`.`user_id` = 1 LIMIT 1
  [1m[36m (0.4ms)[0m  [1mUPDATE `profiles` SET `user_id` = 1, `updated_at` = '2013-07-17 10:01:31' WHERE `profiles`.`id` = 1[0m
  [1m[35m (0.3ms)[0m  UPDATE `users` SET `email` = 'admin@audioguide.com', `encrypted_password` = '$2a$10$Xc2.IVmtB8be4MIOiFVDh.C4rVeihXYy9Dvs6Td1liHICnrymR/Rq', `created_at` = '2013-07-17 10:01:30', `updated_at` = '2013-07-17 10:01:30' WHERE `users`.`id` = 1
  [1m[36m (30.6ms)[0m  [1mCOMMIT[0m
  [1m[35m (0.1ms)[0m  BEGIN
  [1m[36m (0.3ms)[0m  [1mUPDATE `profiles` SET `role` = 'admin', `updated_at` = '2013-07-17 10:01:31' WHERE `profiles`.`id` = 1[0m
  [1m[35m (21.6ms)[0m  COMMIT
  [1m[36m (0.1ms)[0m  [1mBEGIN[0m
  [1m[35mUser Exists (0.4ms)[0m  SELECT 1 AS one FROM `users` WHERE `users`.`email` = BINARY 'manager@audioguide.com' LIMIT 1
  [1m[36mSQL (0.3ms)[0m  [1mINSERT INTO `users` (`created_at`, `current_sign_in_at`, `current_sign_in_ip`, `email`, `encrypted_password`, `last_sign_in_at`, `last_sign_in_ip`, `profile_id`, `remember_created_at`, `reset_password_sent_at`, `reset_password_token`, `sign_in_count`, `updated_at`) VALUES ('2013-07-17 10:01:31', NULL, NULL, 'manager@audioguide.com', '$2a$10$06kDzNNcnGkOxW6VFBQ7dupSpFgzhZtayQHm4fQA9w1zadblFFpE2', NULL, NULL, NULL, NULL, NULL, NULL, 0, '2013-07-17 10:01:31')[0m
  [1m[35mSQL (0.2ms)[0m  INSERT INTO `profiles` (`coins`, `created_at`, `image`, `name`, `role`, `updated_at`, `user_id`) VALUES (NULL, '2013-07-17 10:01:31', NULL, 'Guest', 'user', '2013-07-17 10:01:31', NULL)
  [1m[36mProfile Load (0.3ms)[0m  [1mSELECT `profiles`.* FROM `profiles` WHERE `profiles`.`user_id` = 2 LIMIT 1[0m
  [1m[35m (0.3ms)[0m  UPDATE `profiles` SET `user_id` = 2, `updated_at` = '2013-07-17 10:01:31' WHERE `profiles`.`id` = 2
  [1m[36m (0.3ms)[0m  [1mUPDATE `users` SET `email` = 'manager@audioguide.com', `encrypted_password` = '$2a$10$06kDzNNcnGkOxW6VFBQ7dupSpFgzhZtayQHm4fQA9w1zadblFFpE2', `created_at` = '2013-07-17 10:01:31', `updated_at` = '2013-07-17 10:01:31' WHERE `users`.`id` = 2[0m
  [1m[35m (24.1ms)[0m  COMMIT
  [1m[36m (0.1ms)[0m  [1mBEGIN[0m
  [1m[35m (0.3ms)[0m  UPDATE `profiles` SET `role` = 'manager', `updated_at` = '2013-07-17 10:01:31' WHERE `profiles`.`id` = 2
  [1m[36m (23.0ms)[0m  [1mCOMMIT[0m
  [1m[35m (0.1ms)[0m  BEGIN
  [1m[36mUser Exists (0.3ms)[0m  [1mSELECT 1 AS one FROM `users` WHERE `users`.`email` = BINARY 'basic_user@audioguide.com' LIMIT 1[0m
  [1m[35mSQL (0.3ms)[0m  INSERT INTO `users` (`created_at`, `current_sign_in_at`, `current_sign_in_ip`, `email`, `encrypted_password`, `last_sign_in_at`, `last_sign_in_ip`, `profile_id`, `remember_created_at`, `reset_password_sent_at`, `reset_password_token`, `sign_in_count`, `updated_at`) VALUES ('2013-07-17 10:01:31', NULL, NULL, 'basic_user@audioguide.com', '$2a$10$1bhtl3SWiopz7Pe7rDkI6.pdzUaljjiQO9JOaPpvJule4OL9BUt.S', NULL, NULL, NULL, NULL, NULL, NULL, 0, '2013-07-17 10:01:31')
  [1m[36mSQL (0.2ms)[0m  [1mINSERT INTO `profiles` (`coins`, `created_at`, `image`, `name`, `role`, `updated_at`, `user_id`) VALUES (NULL, '2013-07-17 10:01:31', NULL, 'Guest', 'user', '2013-07-17 10:01:31', NULL)[0m
  [1m[35mProfile Load (0.3ms)[0m  SELECT `profiles`.* FROM `profiles` WHERE `profiles`.`user_id` = 3 LIMIT 1
  [1m[36m (0.3ms)[0m  [1mUPDATE `profiles` SET `user_id` = 3, `updated_at` = '2013-07-17 10:01:31' WHERE `profiles`.`id` = 3[0m
  [1m[35m (0.3ms)[0m  UPDATE `users` SET `email` = 'basic_user@audioguide.com', `encrypted_password` = '$2a$10$1bhtl3SWiopz7Pe7rDkI6.pdzUaljjiQO9JOaPpvJule4OL9BUt.S', `created_at` = '2013-07-17 10:01:31', `updated_at` = '2013-07-17 10:01:31' WHERE `users`.`id` = 3
  [1m[36m (25.5ms)[0m  [1mCOMMIT[0m
  [1m[35m (0.1ms)[0m  BEGIN
  [1m[36m (0.2ms)[0m  [1mINSERT INTO `achievements_profiles` (`profile_id`, `achievement_id`) VALUES (3, 1)[0m
  [1m[35m (25.4ms)[0m  COMMIT
  [1m[36m (0.1ms)[0m  [1mBEGIN[0m
  [1m[35m (0.2ms)[0m  INSERT INTO `achievements_profiles` (`profile_id`, `achievement_id`) VALUES (3, 2)
  [1m[36m (24.1ms)[0m  [1mCOMMIT[0m
  [1m[35m (0.1ms)[0m  BEGIN
  [1m[36mSQL (0.3ms)[0m  [1mINSERT INTO `museums` (`created_at`, `description`, `image`, `lat`, `long`, `manager_id`, `name`, `published`, `updated_at`) VALUES ('2013-07-17 10:01:31', 'Cel mai tare muzeu', NULL, 45.75515, 24.116297, 2, 'Muzeul de Stiinte Naturale', 0, '2013-07-17 10:01:31')[0m
  [1m[35m (29.9ms)[0m  COMMIT
  [1m[36m (0.1ms)[0m  [1mBEGIN[0m
  [1m[35mSQL (0.3ms)[0m  INSERT INTO `museums` (`created_at`, `description`, `image`, `lat`, `long`, `manager_id`, `name`, `published`, `updated_at`) VALUES ('2013-07-17 10:01:31', 'Al doilea cel mai tare', NULL, 45.79652, 24.150545, 1, 'Muzeul Brukenthal', 0, '2013-07-17 10:01:31')
  [1m[36m (21.2ms)[0m  [1mCOMMIT[0m
  [1m[35m (0.1ms)[0m  BEGIN
  [1m[36mSQL (0.3ms)[0m  [1mINSERT INTO `exhibits` (`audio`, `created_at`, `description`, `floor`, `image`, `lat`, `long`, `museum_id`, `private`, `qr_code`, `title`, `updated_at`, `video`) VALUES (NULL, '2013-07-17 10:01:31', 'Colectia de piese sculpturale transilvanene medievale si moderne timpurii din piatra a fost constituita treptat, incepand cu prima jumatate a secolului al XIX-lea. ', 0, NULL, 40.0, 40.0, 1, 1, 'http://10.0.0.64:3000/museums/2/exhibits/1', 'Sculptura transilvaneana in piatra din secolele XIII-XIX', '2013-07-17 10:01:31', NULL)[0m
  [1m[35m (0.3ms)[0m  UPDATE `exhibits` SET `title` = 'Sculptura transilvaneana in piatra din secolele XIII-XIX', `description` = 'Colectia de piese sculpturale transilvanene medievale si moderne timpurii din piatra a fost constituita treptat, incepand cu prima jumatate a secolului al XIX-lea. ', `floor` = 0, `lat` = 40.0, `long` = 40.0, `qr_code` = 'http://localhost:3000/museums/1/exhibits/1', `museum_id` = 1, `created_at` = '2013-07-17 10:01:31', `updated_at` = '2013-07-17 10:01:31' WHERE `exhibits`.`id` = 1
  [1m[36m (30.1ms)[0m  [1mCOMMIT[0m
  [1m[35m (0.1ms)[0m  BEGIN
  [1m[36mSQL (0.3ms)[0m  [1mINSERT INTO `exhibits` (`audio`, `created_at`, `description`, `floor`, `image`, `lat`, `long`, `museum_id`, `private`, `qr_code`, `title`, `updated_at`, `video`) VALUES (NULL, '2013-07-17 10:01:31', 'Pictura. ', 0, NULL, 40.0, 40.0, 2, 0, 'http://10.0.0.64:3000/museums/2/exhibits/2', 'Monalisa', '2013-07-17 10:01:31', NULL)[0m
  [1m[35m (0.3ms)[0m  UPDATE `exhibits` SET `title` = 'Monalisa', `description` = 'Pictura. ', `floor` = 0, `lat` = 40.0, `long` = 40.0, `qr_code` = 'http://localhost:3000/museums/2/exhibits/2', `museum_id` = 2, `private` = 0, `created_at` = '2013-07-17 10:01:31', `updated_at` = '2013-07-17 10:01:31' WHERE `exhibits`.`id` = 2
  [1m[36m (19.2ms)[0m  [1mCOMMIT[0m
  [1m[35m (0.1ms)[0m  BEGIN
  [1m[36mSQL (0.2ms)[0m  [1mINSERT INTO `scans` (`created_at`, `exhibit_id`, `profile_id`, `updated_at`) VALUES ('2013-07-17 10:01:31', 1, 3, '2013-07-17 10:01:31')[0m
  [1m[35m (24.5ms)[0m  COMMIT
  [1m[36m (0.1ms)[0m  [1mBEGIN[0m
  [1m[35mSQL (0.2ms)[0m  INSERT INTO `scans` (`created_at`, `exhibit_id`, `profile_id`, `updated_at`) VALUES ('2013-07-17 10:01:31', 2, 3, '2013-07-17 10:01:31')
  [1m[36m (22.3ms)[0m  [1mCOMMIT[0m
Connecting to database specified by database.yml
